<?xml version="1.0" encoding="utf-8"?><testsuites name="pytest tests"><testsuite name="pytest" errors="0" failures="2" skipped="0" tests="18" time="5.559" timestamp="2026-02-13T19:37:29.793496+00:00" hostname="agent-env-b468c96e-449e-4c39-8911-8a7d4c03232e"><testcase classname="backend.tests.test_exercises_api.TestHealthEndpoint" name="test_health_returns_ok" time="0.452" /><testcase classname="backend.tests.test_exercises_api.TestExercisesAPI" name="test_get_all_exercises" time="0.276" /><testcase classname="backend.tests.test_exercises_api.TestExercisesAPI" name="test_get_exercises_by_category" time="0.251" /><testcase classname="backend.tests.test_exercises_api.TestExercisesAPI" name="test_get_exercises_categories" time="0.360" /><testcase classname="backend.tests.test_exercises_api.TestExercisesAPI" name="test_get_exercise_detail" time="0.211" /><testcase classname="backend.tests.test_exercises_api.TestExercisesAPI" name="test_get_exercise_not_found" time="0.139" /><testcase classname="backend.tests.test_exercises_api.TestExerciseAlternatives" name="test_get_alternatives_same_category" time="0.185" /><testcase classname="backend.tests.test_exercises_api.TestExerciseAlternatives" name="test_get_alternatives_for_core_exercise" time="0.288" /><testcase classname="backend.tests.test_exercises_api.TestExerciseAlternatives" name="test_get_alternatives_not_found" time="0.219" /><testcase classname="backend.tests.test_exercises_api.TestElasticiMapping" name="test_get_elastici_mapping" time="0.235" /><testcase classname="backend.tests.test_exercises_api.TestPlanGeneration" name="test_generate_plan_basic" time="0.197" /><testcase classname="backend.tests.test_exercises_api.TestPlanGeneration" name="test_generate_plan_with_energia" time="0.214"><failure message="assert 520 == 200&#10; +  where 520 = &lt;Response [520]&gt;.status_code">backend/tests/test_exercises_api.py:176: in test_generate_plan_with_energia
    assert response.status_code == 200
E   assert 520 == 200
E    +  where 520 = &lt;Response [520]&gt;.status_code</failure></testcase><testcase classname="backend.tests.test_exercises_api.TestPlanGeneration" name="test_generate_plan_with_focus_muscolare" time="0.175"><failure message="assert 520 == 200&#10; +  where 520 = &lt;Response [520]&gt;.status_code">backend/tests/test_exercises_api.py:191: in test_generate_plan_with_focus_muscolare
    assert response.status_code == 200
E   assert 520 == 200
E    +  where 520 = &lt;Response [520]&gt;.status_code</failure></testcase><testcase classname="backend.tests.test_exercises_api.TestPlanGeneration" name="test_generate_plan_with_dolori_articolari" time="0.136" /><testcase classname="backend.tests.test_exercises_api.TestPlanGeneration" name="test_generate_plan_combined_inputs" time="0.240" /><testcase classname="backend.tests.test_exercises_api.TestAuthRequired" name="test_exercises_requires_auth" time="0.129" /><testcase classname="backend.tests.test_exercises_api.TestAuthRequired" name="test_categories_requires_auth" time="0.174" /><testcase classname="backend.tests.test_exercises_api.TestAuthRequired" name="test_elastici_requires_auth" time="0.117" /></testsuite></testsuites>