<?xml version="1.0" encoding="utf-8"?><testsuites name="pytest tests"><testsuite name="pytest" errors="0" failures="0" skipped="0" tests="18" time="2.717" timestamp="2026-02-13T19:38:48.524807+00:00" hostname="agent-env-b468c96e-449e-4c39-8911-8a7d4c03232e"><testcase classname="backend.tests.test_exercises_api.TestHealthEndpoint" name="test_health_returns_ok" time="0.278" /><testcase classname="backend.tests.test_exercises_api.TestExercisesAPI" name="test_get_all_exercises" time="0.154" /><testcase classname="backend.tests.test_exercises_api.TestExercisesAPI" name="test_get_exercises_by_category" time="0.156" /><testcase classname="backend.tests.test_exercises_api.TestExercisesAPI" name="test_get_exercises_categories" time="0.113" /><testcase classname="backend.tests.test_exercises_api.TestExercisesAPI" name="test_get_exercise_detail" time="0.117" /><testcase classname="backend.tests.test_exercises_api.TestExercisesAPI" name="test_get_exercise_not_found" time="0.111" /><testcase classname="backend.tests.test_exercises_api.TestExerciseAlternatives" name="test_get_alternatives_same_category" time="0.130" /><testcase classname="backend.tests.test_exercises_api.TestExerciseAlternatives" name="test_get_alternatives_for_core_exercise" time="0.120" /><testcase classname="backend.tests.test_exercises_api.TestExerciseAlternatives" name="test_get_alternatives_not_found" time="0.129" /><testcase classname="backend.tests.test_exercises_api.TestElasticiMapping" name="test_get_elastici_mapping" time="0.118" /><testcase classname="backend.tests.test_exercises_api.TestPlanGeneration" name="test_generate_plan_basic" time="0.215" /><testcase classname="backend.tests.test_exercises_api.TestPlanGeneration" name="test_generate_plan_with_energia" time="0.118" /><testcase classname="backend.tests.test_exercises_api.TestPlanGeneration" name="test_generate_plan_with_focus_muscolare" time="0.130" /><testcase classname="backend.tests.test_exercises_api.TestPlanGeneration" name="test_generate_plan_with_dolori_articolari" time="0.122" /><testcase classname="backend.tests.test_exercises_api.TestPlanGeneration" name="test_generate_plan_combined_inputs" time="0.120" /><testcase classname="backend.tests.test_exercises_api.TestAuthRequired" name="test_exercises_requires_auth" time="0.121" /><testcase classname="backend.tests.test_exercises_api.TestAuthRequired" name="test_categories_requires_auth" time="0.139" /><testcase classname="backend.tests.test_exercises_api.TestAuthRequired" name="test_elastici_requires_auth" time="0.148" /></testsuite></testsuites>